[info] [TimeStamp: 2023-11-09T09:10:13.312Z] [TAG: news] [Message: Received a GET request for /all]
  'Body: ' {} }
[info] [TimeStamp: 2023-11-09T09:26:04.000Z] [TAG: news] [Message: Received a GET request for /all]
  'Body: ' {} }
[info] [TimeStamp: 2023-11-09T09:26:22.593Z] [TAG: stock] [Message: Received a GET request for /2330]
  'Body: ' {} }
[info] [TimeStamp: 2023-11-09T09:26:24.898Z] [TAG: stock] [Message: Received a GET request for /2330]
  'Body: ' {} }
[info] [TimeStamp: 2023-11-09T09:27:19.063Z] [TAG: stock] [Message: Received a GET request for /]
  'Body: ' {} }
[info] [TimeStamp: 2023-11-09T09:27:48.882Z] [TAG: stock] [Message: Received a GET request for /:2330]
  'Body: ' {} }
[info] [TimeStamp: 2023-11-09T09:42:02.288Z] [TAG: news] [Message: Received a GET request for /all]
  'Body: ' {} }
[info] [TimeStamp: 2023-11-09T09:51:20.792Z] [TAG: stock] [Message: Received a GET request for /:2330]
  'Body: ' {} }
[info] [TimeStamp: 2023-11-09T09:51:24.559Z] [TAG: stock] [Message: Received a GET request for /2330]
  'Body: ' {} }
[info] [TimeStamp: 2023-11-09T09:51:28.038Z] [TAG: stock] [Message: Received a GET request for /2330]
  'Body: ' {} }
